<?xml version="1.0" encoding="UTF-8"?>
<testsuites name="New Test Suite" time="9.813" tests="1" failures="0" errors="0">
   <testsuite name="New Test Suite" tests="1" failures="0" errors="0" time="9.813" skipped="0" timestamp="2023-07-12 01:03:45" hostname="lenovo - DESKTOP-FS73FSD" id="Test Suites/New Test Suite">
      <properties>
         <property name="deviceName" value=""/>
         <property name="devicePlatform" value=""/>
         <property name="logFolder" value="C:\\Users\\lenovo\\git\\Golden_project\\Golden_project\\Reports\\20230712_010334\\New Test Suite\\20230712_010334"/>
         <property name="logFiles" value="C:\\Users\\lenovo\\git\\Golden_project\\Golden_project\\Reports\\20230712_010334\\New Test Suite\\20230712_010334\\execution0.log"/>
         <property name="attachments" value=""/>
         <property name="hostName" value="lenovo - DESKTOP-FS73FSD"/>
         <property name="os" value="Windows 10 64bit"/>
         <property name="katalonVersion" value="8.6.5.208"/>
         <property name="browser" value="Chrome 114.0.0.0"/>
         <property name="hostAddress" value="192.168.107.13"/>
         <property name="sessionId" value="a264097655d1298c6110f05e7e13fc88"/>
         <property name="seleniumVersion" value="3.141.59"/>
         <property name="proxyInformation" value="ProxyInformation { proxyOption=NO_PROXY, proxyServerType=HTTP, username=, password=********, proxyServerAddress=, proxyServerPort=0, executionList=&quot;&quot;, isApplyToDesiredCapabilities=true }"/>
         <property name="platform" value="Windows 10"/>
      </properties>
      <testcase name="Test Cases/New Test Case" time="9.172" classname="Test Cases/New Test Case" status="PASSED">
         <system-out><![CDATA[2023-07-12 01:03:46 - [TEST_CASE][PASSED] - Test Cases/New Test Case: Test Cases/New Test Case

2023-07-12 01:03:47 - [TEST_STEP][PASSED] - openBrowser("https://www.google.com"): Browser is opened with url: 'https://www.google.com'

2023-07-12 01:03:48 - [MESSAGE][INFO] - Starting 'Chrome' driver

2023-07-12 01:03:48 - [MESSAGE][INFO] - Action delay is set to 0 milliseconds

2023-07-12 01:03:54 - [MESSAGE][PASSED] - Browser is opened with url: 'https://www.google.com'

2023-07-12 01:03:54 - [TEST_STEP][PASSED] - closeBrowser(): Browser is closed

2023-07-12 01:03:55 - [MESSAGE][PASSED] - Browser is closed]]></system-out>
         <system-err><![CDATA[]]></system-err>
      </testcase>
      <system-out><![CDATA[2023-07-12 01:03:45 - [TEST_SUITE][PASSED] - New Test Suite: Test Cases/New Test Case]]></system-out>
      <system-err><![CDATA[]]></system-err>
   </testsuite>
</testsuites>
