<?xml version="1.0" encoding="UTF-8"?>
<testsuites name="New Test Suite" time="81.317" tests="1" failures="0" errors="0">
   <testsuite name="New Test Suite" tests="1" failures="0" errors="0" time="81.317" skipped="0" timestamp="2023-07-12 00:57:11" hostname="lenovo - DESKTOP-FS73FSD" id="Test Suites/New Test Suite">
      <properties>
         <property name="deviceName"/>
         <property name="devicePlatform" value="WINDOWS"/>
         <property name="logFolder" value="C:\\Users\\lenovo\\git\\Golden_project\\Golden_project\\Reports\\20230712_005700\\New Test Suite\\20230712_005700"/>
         <property name="logFiles" value="C:\\Users\\lenovo\\git\\Golden_project\\Golden_project\\Reports\\20230712_005700\\New Test Suite\\20230712_005700\\execution0.log"/>
         <property name="attachments" value=""/>
         <property name="hostName" value="lenovo - DESKTOP-FS73FSD"/>
         <property name="remoteDriverUrl" value="testcloud.katalon.com/hub"/>
         <property name="desiredCapabilities" value="{
  &quot;networkConnectionEnabled&quot;: false,
  &quot;chrome&quot;: {
    &quot;chromedriverVersion&quot;: &quot;110.0.5481.30 (aedb656755c469651f01505a4f15e153fc606a1e-refs/branch-heads/5481@{#191})&quot;,
    &quot;userDataDir&quot;: &quot;C:\\Program Files (x86)\\scoped_dir628_673175804&quot;
  },
  &quot;os&quot;: &quot;windows&quot;,
  &quot;se:cdpVersion&quot;: &quot;110.0.5481.104&quot;,
  &quot;timeouts&quot;: {
    &quot;implicit&quot;: 0,
    &quot;pageLoad&quot;: 300000,
    &quot;script&quot;: 30000
  },
  &quot;pageLoadStrategy&quot;: &quot;normal&quot;,
  &quot;unhandledPromptBehavior&quot;: &quot;dismiss and notify&quot;,
  &quot;strictFileInteractability&quot;: false,
  &quot;platform&quot;: &quot;WINDOWS&quot;,
  &quot;se:cdp&quot;: &quot;ws://10.0.2.15:4444/session/3448f836edc854143cda77b0ca238038/se/cdp&quot;,
  &quot;proxy&quot;: {
    &quot;proxyType&quot;: &quot;DIRECT&quot;,
    &quot;autodetect&quot;: false
  },
  &quot;goog:chromeOptions&quot;: {
    &quot;debuggerAddress&quot;: &quot;localhost:49872&quot;
  },
  &quot;requestId&quot;: &quot;10ed91a2-8c8a-47a4-819c-387c0bde8eef&quot;,
  &quot;webauthn:extension:credBlob&quot;: true,
  &quot;acceptInsecureCerts&quot;: false,
  &quot;browserVersion&quot;: &quot;110.0.0.0&quot;,
  &quot;browserName&quot;: &quot;chrome&quot;,
  &quot;javascriptEnabled&quot;: true,
  &quot;katalon:option&quot;: {
    &quot;unlimitedExecutionMinutes&quot;: true,
    &quot;userId&quot;: 1256149,
    &quot;organizationId&quot;: &quot;1211632&quot;,
    &quot;class&quot;: &quot;com.katalon.testcloud.grid.common.tunnel.domain.UserOptionCapability&quot;,
    &quot;runFromTestCloud&quot;: true,
    &quot;usingTunnel&quot;: false
  },
  &quot;platformName&quot;: &quot;WINDOWS&quot;,
  &quot;setWindowRect&quot;: true,
  &quot;webauthn:extension:largeBlob&quot;: true,
  &quot;webauthn:virtualAuthenticators&quot;: true
}"/>
         <property name="os" value="Windows 10 64bit"/>
         <property name="remoteOS" value="Windows"/>
         <property name="katalonVersion" value="8.6.5.208"/>
         <property name="browser" value="Chrome 110.0.0.0"/>
         <property name="hostAddress" value="192.168.107.13"/>
         <property name="sessionId" value="3448f836edc854143cda77b0ca238038"/>
         <property name="seleniumVersion" value="3.141.59"/>
         <property name="proxyInformation" value="ProxyInformation { proxyOption=NO_PROXY, proxyServerType=HTTP, username=, password=********, proxyServerAddress=, proxyServerPort=0, executionList=&quot;&quot;, isApplyToDesiredCapabilities=true }"/>
         <property name="platform" value="Windows 10"/>
      </properties>
      <testcase name="Test Cases/New Test Case" time="80.767" classname="Test Cases/New Test Case" status="PASSED">
         <system-out><![CDATA[2023-07-12 00:57:12 - [TEST_CASE][PASSED] - Test Cases/New Test Case: Test Cases/New Test Case

2023-07-12 00:57:12 - [TEST_STEP][PASSED] - openBrowser("https://www.google.com"): Browser is opened with url: 'https://www.google.com'

2023-07-12 00:57:13 - [MESSAGE][INFO] - User set preference: ['os', 'windows']

2023-07-12 00:57:13 - [MESSAGE][INFO] - User set preference: ['browserName', 'chrome']

2023-07-12 00:57:13 - [MESSAGE][INFO] - User set preference: ['browserVersion', '110']

2023-07-12 00:57:13 - [MESSAGE][INFO] - User set preference: ['katalon:option', '{organizationId=1211632, tunnelId=, usingTunnel=false}']

2023-07-12 00:57:13 - [MESSAGE][INFO] - Connecting to remote web server 'testcloud.katalon.com/hub' with type 'Selenium'

2023-07-12 00:57:14 - [MESSAGE][INFO] - Action delay is set to 0 milliseconds

2023-07-12 00:58:28 - [MESSAGE][PASSED] - Browser is opened with url: 'https://www.google.com'

2023-07-12 00:58:28 - [TEST_STEP][PASSED] - closeBrowser(): Browser is closed

2023-07-12 00:58:32 - [MESSAGE][PASSED] - Browser is closed]]></system-out>
         <system-err><![CDATA[]]></system-err>
      </testcase>
      <system-out><![CDATA[2023-07-12 00:57:11 - [TEST_SUITE][PASSED] - New Test Suite: Test Cases/New Test Case]]></system-out>
      <system-err><![CDATA[]]></system-err>
   </testsuite>
</testsuites>
